<?xml version="1.0" encoding="UTF-8"?>
<testng-results ignored="0" total="2" passed="2" failed="0" skipped="0">
  <reporter-output>
  </reporter-output>
  <suite started-at="2022-11-18T14:21:31 IST" name="Default suite" finished-at="2022-11-18T14:21:31 IST" duration-ms="92">
    <groups>
    </groups>
    <test started-at="2022-11-18T14:21:31 IST" name="Default test" finished-at="2022-11-18T14:21:31 IST" duration-ms="92">
      <class name="ui.Demo_Test">
        <test-method signature="test()[pri:0, instance:ui.Demo_Test@242b836]" started-at="2022-11-18T14:21:31 IST" name="test" finished-at="2022-11-18T14:21:31 IST" duration-ms="19" status="PASS">
          <reporter-output>
          </reporter-output>
        </test-method> <!-- test -->
        <test-method signature="test2()[pri:0, instance:ui.Demo_Test@242b836]" started-at="2022-11-18T14:21:31 IST" name="test2" finished-at="2022-11-18T14:21:31 IST" duration-ms="2" status="PASS">
          <reporter-output>
          </reporter-output>
        </test-method> <!-- test2 -->
      </class> <!-- ui.Demo_Test -->
    </test> <!-- Default test -->
  </suite> <!-- Default suite -->
</testng-results>
